<testsuites id="" name="" tests="20" failures="0" skipped="0" errors="0" time="11.984102">
<testsuite name="e2e/routing.spec.ts" timestamp="2025-08-11T06:28:13.244Z" hostname="chromium" tests="4" failures="0" skipped="0" time="4.112" errors="0">
<testcase name="SPA Routing › should handle page refresh without 404" classname="e2e/routing.spec.ts" time="1.161">
</testcase>
<testcase name="SPA Routing › should handle direct URL access" classname="e2e/routing.spec.ts" time="0.849">
</testcase>
<testcase name="SPA Routing › should handle unknown routes with 404 page" classname="e2e/routing.spec.ts" time="1.123">
</testcase>
<testcase name="SPA Routing › should handle nested routes correctly" classname="e2e/routing.spec.ts" time="0.979">
</testcase>
</testsuite>
<testsuite name="e2e/routing.spec.ts" timestamp="2025-08-11T06:28:13.244Z" hostname="firefox" tests="4" failures="0" skipped="0" time="12.818" errors="0">
<testcase name="SPA Routing › should handle page refresh without 404" classname="e2e/routing.spec.ts" time="3.295">
</testcase>
<testcase name="SPA Routing › should handle direct URL access" classname="e2e/routing.spec.ts" time="2.456">
</testcase>
<testcase name="SPA Routing › should handle unknown routes with 404 page" classname="e2e/routing.spec.ts" time="3.115">
</testcase>
<testcase name="SPA Routing › should handle nested routes correctly" classname="e2e/routing.spec.ts" time="3.952">
</testcase>
</testsuite>
<testsuite name="e2e/routing.spec.ts" timestamp="2025-08-11T06:28:13.244Z" hostname="webkit" tests="4" failures="0" skipped="0" time="4.672" errors="0">
<testcase name="SPA Routing › should handle page refresh without 404" classname="e2e/routing.spec.ts" time="2.111">
</testcase>
<testcase name="SPA Routing › should handle direct URL access" classname="e2e/routing.spec.ts" time="0.578">
</testcase>
<testcase name="SPA Routing › should handle unknown routes with 404 page" classname="e2e/routing.spec.ts" time="0.849">
</testcase>
<testcase name="SPA Routing › should handle nested routes correctly" classname="e2e/routing.spec.ts" time="1.134">
</testcase>
</testsuite>
<testsuite name="e2e/routing.spec.ts" timestamp="2025-08-11T06:28:13.244Z" hostname="Mobile Chrome" tests="4" failures="0" skipped="0" time="2.623" errors="0">
<testcase name="SPA Routing › should handle page refresh without 404" classname="e2e/routing.spec.ts" time="0.552">
</testcase>
<testcase name="SPA Routing › should handle direct URL access" classname="e2e/routing.spec.ts" time="0.58">
</testcase>
<testcase name="SPA Routing › should handle unknown routes with 404 page" classname="e2e/routing.spec.ts" time="0.998">
</testcase>
<testcase name="SPA Routing › should handle nested routes correctly" classname="e2e/routing.spec.ts" time="0.493">
</testcase>
</testsuite>
<testsuite name="e2e/routing.spec.ts" timestamp="2025-08-11T06:28:13.244Z" hostname="Mobile Safari" tests="4" failures="0" skipped="0" time="8.079" errors="0">
<testcase name="SPA Routing › should handle page refresh without 404" classname="e2e/routing.spec.ts" time="2.112">
</testcase>
<testcase name="SPA Routing › should handle direct URL access" classname="e2e/routing.spec.ts" time="1.814">
</testcase>
<testcase name="SPA Routing › should handle unknown routes with 404 page" classname="e2e/routing.spec.ts" time="2.284">
</testcase>
<testcase name="SPA Routing › should handle nested routes correctly" classname="e2e/routing.spec.ts" time="1.869">
</testcase>
</testsuite>
</testsuites>